[2020-01-19T09:37:36.126] [DEBUG] cheese - login => username:zs,password:123456
[2020-01-19T09:37:36.129] [DEBUG] cheese - zs
[2020-01-19T09:37:36.144] [DEBUG] cheese - null
[2020-01-19T09:37:36.144] [DEBUG] cheese - null
[2020-01-19T09:37:45.423] [DEBUG] cheese - login => username:admin,password:123456
[2020-01-19T09:37:45.423] [DEBUG] cheese - admin
[2020-01-19T09:37:45.432] [DEBUG] cheese - null
[2020-01-19T09:37:45.432] [DEBUG] cheese - null
[2020-01-19T14:58:49.600] [DEBUG] cheese - login => username:admin,password:123456
[2020-01-19T14:58:49.602] [DEBUG] cheese - admin
[2020-01-19T14:58:49.617] [DEBUG] cheese - null
[2020-01-19T14:58:49.618] [DEBUG] cheese - null
[2020-01-19T14:59:44.235] [DEBUG] cheese - login => username:admin,password:123456
[2020-01-19T14:59:44.235] [DEBUG] cheese - admin
[2020-01-19T14:59:44.238] [DEBUG] cheese - null
[2020-01-19T14:59:44.239] [DEBUG] cheese - null
[2020-01-19T15:17:42.569] [DEBUG] cheese - login => username:admin,password:123456
[2020-01-19T15:17:42.570] [DEBUG] cheese - admin
[2020-01-19T15:17:42.574] [DEBUG] cheese - null
[2020-01-19T15:17:42.574] [DEBUG] cheese - null
[2020-01-19T15:18:22.727] [DEBUG] cheese - login => username:admin,password:123456
[2020-01-19T15:18:22.727] [DEBUG] cheese - admin
[2020-01-19T15:18:22.729] [DEBUG] cheese - null
[2020-01-19T15:18:22.729] [DEBUG] cheese - null
[2020-01-19T15:18:26.210] [DEBUG] cheese - login => username:admin,password:123456
[2020-01-19T15:18:26.210] [DEBUG] cheese - admin
[2020-01-19T15:18:26.213] [DEBUG] cheese - null
[2020-01-19T15:18:26.213] [DEBUG] cheese - null
[2020-01-19T15:18:28.096] [DEBUG] cheese - login => username:admina,password:123456
[2020-01-19T15:18:28.096] [DEBUG] cheese - admina
[2020-01-19T15:18:28.098] [DEBUG] cheese - null
[2020-01-19T15:18:28.098] [DEBUG] cheese - null
[2020-01-19T15:25:07.169] [DEBUG] cheese - login => username:admin,password:123456
[2020-01-19T15:25:07.170] [DEBUG] cheese - admin
[2020-01-19T15:25:07.172] [DEBUG] cheese - null
[2020-01-19T15:25:07.173] [DEBUG] cheese - null
[2020-01-19T15:26:31.579] [DEBUG] cheese - login => username:admin,password:123456d
[2020-01-19T15:26:31.579] [DEBUG] cheese - admin
[2020-01-19T15:26:31.581] [DEBUG] cheese - null
[2020-01-19T15:26:31.581] [DEBUG] cheese - null
[2020-01-19T15:26:34.835] [DEBUG] cheese - login => username:admin,password:123456d
[2020-01-19T15:26:34.835] [DEBUG] cheese - admin
[2020-01-19T15:26:34.836] [DEBUG] cheese - null
[2020-01-19T15:26:34.837] [DEBUG] cheese - null
[2020-01-19T15:26:35.293] [DEBUG] cheese - login => username:admin,password:123456d
[2020-01-19T15:26:35.293] [DEBUG] cheese - admin
[2020-01-19T15:26:35.296] [DEBUG] cheese - null
[2020-01-19T15:26:35.296] [DEBUG] cheese - null
[2020-01-19T15:26:40.302] [DEBUG] cheese - login => username:admin,password:123456
[2020-01-19T15:26:40.302] [DEBUG] cheese - admin
[2020-01-19T15:26:40.304] [DEBUG] cheese - null
[2020-01-19T15:26:40.304] [DEBUG] cheese - null
[2020-01-19T15:28:41.289] [DEBUG] cheese - login => username:admin,password:123456
[2020-01-19T15:28:41.289] [DEBUG] cheese - admin
[2020-01-19T15:28:41.291] [DEBUG] cheese - null
[2020-01-19T15:28:41.291] [DEBUG] cheese - null
[2020-01-19T15:29:36.110] [DEBUG] cheese - login => username:admin,password:123456
[2020-01-19T15:29:36.110] [DEBUG] cheese - admin
[2020-01-19T15:29:36.113] [DEBUG] cheese - null
[2020-01-19T15:29:36.113] [DEBUG] cheese - null
[2020-01-19T15:30:03.885] [DEBUG] cheese - login => username:admin,password:123456
[2020-01-19T15:30:03.885] [DEBUG] cheese - admin
[2020-01-19T15:30:03.888] [DEBUG] cheese - null
[2020-01-19T15:30:03.888] [DEBUG] cheese - null
[2020-01-19T15:42:40.236] [DEBUG] cheese - login => username:admin,password:123456
[2020-01-19T15:42:40.236] [DEBUG] cheese - admin
[2020-01-19T15:42:40.239] [DEBUG] cheese - null
[2020-01-19T15:42:40.239] [DEBUG] cheese - null
[2020-01-19T16:03:47.994] [DEBUG] cheese - login => username:admin,password:123456
[2020-01-19T16:03:47.994] [DEBUG] cheese - admin
[2020-01-19T16:03:47.997] [DEBUG] cheese - null
[2020-01-19T16:03:47.997] [DEBUG] cheese - null
[2020-01-19T16:10:45.012] [DEBUG] cheese - login => username:admin,password:123456
[2020-01-19T16:10:45.012] [DEBUG] cheese - admin
[2020-01-19T16:10:45.016] [DEBUG] cheese - null
[2020-01-19T16:10:45.016] [DEBUG] cheese - null
[2020-01-19T16:11:53.433] [DEBUG] cheese - login => username:admin,password:123456
[2020-01-19T16:11:53.433] [DEBUG] cheese - admin
[2020-01-19T16:11:53.436] [DEBUG] cheese - null
[2020-01-19T16:11:53.436] [DEBUG] cheese - null
[2020-01-19T16:18:49.514] [DEBUG] cheese - login => username:admin,password:123456
[2020-01-19T16:18:49.514] [DEBUG] cheese - admin
[2020-01-19T16:18:49.516] [DEBUG] cheese - null
[2020-01-19T16:18:49.517] [DEBUG] cheese - null
[2020-01-19T16:28:16.679] [DEBUG] cheese - login => username:admin,password:123456
[2020-01-19T16:28:16.679] [DEBUG] cheese - admin
[2020-01-19T16:28:16.681] [DEBUG] cheese - null
[2020-01-19T16:28:16.681] [DEBUG] cheese - null
[2020-01-19T16:56:02.532] [DEBUG] cheese - login => username:admin,password:123456
[2020-01-19T16:56:02.533] [DEBUG] cheese - admin
[2020-01-19T16:56:02.536] [DEBUG] cheese - null
[2020-01-19T16:56:02.536] [DEBUG] cheese - null
[2020-01-19T17:21:38.815] [DEBUG] cheese - login => username:admin,password:123456
[2020-01-19T17:21:38.815] [DEBUG] cheese - admin
[2020-01-19T17:21:38.817] [DEBUG] cheese - null
[2020-01-19T17:21:38.817] [DEBUG] cheese - null
[2020-01-19T17:23:50.368] [DEBUG] cheese - login => username:admin,password:123456
[2020-01-19T17:23:50.369] [DEBUG] cheese - admin
[2020-01-19T17:23:50.371] [DEBUG] cheese - null
[2020-01-19T17:23:50.371] [DEBUG] cheese - null
[2020-01-19T17:24:24.053] [DEBUG] cheese - login => username:admin,password:123456
[2020-01-19T17:24:24.053] [DEBUG] cheese - admin
[2020-01-19T17:24:24.055] [DEBUG] cheese - null
[2020-01-19T17:24:24.055] [DEBUG] cheese - null
[2020-01-19T17:28:18.312] [DEBUG] cheese - login => username:admin,password:123456
[2020-01-19T17:28:18.312] [DEBUG] cheese - admin
[2020-01-19T17:28:18.315] [DEBUG] cheese - null
[2020-01-19T17:28:18.315] [DEBUG] cheese - null
[2020-01-19T17:44:37.466] [DEBUG] cheese - login => username:admin,password:123456
[2020-01-19T17:44:37.466] [DEBUG] cheese - admin
[2020-01-19T17:44:37.469] [DEBUG] cheese - null
[2020-01-19T17:44:37.469] [DEBUG] cheese - null
[2020-01-19T17:46:20.424] [DEBUG] cheese - login => username:admin,password:123456
[2020-01-19T17:46:20.424] [DEBUG] cheese - admin
[2020-01-19T17:46:20.428] [DEBUG] cheese - null
[2020-01-19T17:46:20.428] [DEBUG] cheese - null
[2020-01-19T21:53:47.644] [DEBUG] cheese - login => username:admin,password:123456
[2020-01-19T21:53:47.644] [DEBUG] cheese - admin
[2020-01-19T21:53:47.647] [DEBUG] cheese - null
[2020-01-19T21:53:47.647] [DEBUG] cheese - null
[2020-01-19T22:21:52.998] [DEBUG] cheese - login => username:admin,password:123456
[2020-01-19T22:21:52.998] [DEBUG] cheese - admin
[2020-01-19T22:21:53.001] [DEBUG] cheese - null
[2020-01-19T22:21:53.001] [DEBUG] cheese - null
[2020-01-19T23:08:34.335] [DEBUG] cheese - login => username:admin,password:123456
[2020-01-19T23:08:34.335] [DEBUG] cheese - admin
[2020-01-19T23:08:34.337] [DEBUG] cheese - null
[2020-01-19T23:08:34.337] [DEBUG] cheese - null
[2020-01-20T16:15:37.043] [DEBUG] cheese - login => username:admin,password:123456
[2020-01-20T16:15:37.045] [DEBUG] cheese - admin
[2020-01-20T16:15:37.055] [DEBUG] cheese - null
[2020-01-20T16:15:37.056] [DEBUG] cheese - null
[2020-01-20T16:40:51.810] [DEBUG] cheese - login => username:admin,password:123456
[2020-01-20T16:40:51.810] [DEBUG] cheese - admin
[2020-01-20T16:40:51.814] [DEBUG] cheese - null
[2020-01-20T16:40:51.814] [DEBUG] cheese - null
[2020-01-20T23:36:37.377] [DEBUG] cheese - login => username:admin,password:123456
[2020-01-20T23:36:37.378] [DEBUG] cheese - admin
[2020-01-20T23:36:37.380] [DEBUG] cheese - null
[2020-01-20T23:36:37.380] [DEBUG] cheese - null
[2020-01-21T15:57:20.945] [DEBUG] cheese - null
[2020-01-21T23:03:47.319] [DEBUG] cheese - login => username:admin,password:123456
[2020-01-21T23:03:47.320] [DEBUG] cheese - admin
[2020-01-21T23:03:47.323] [DEBUG] cheese - null
[2020-01-21T23:03:47.323] [DEBUG] cheese - null
[2020-01-23T20:44:20.582] [DEBUG] cheese - login => username:admin,password:123456
[2020-01-23T20:44:20.585] [DEBUG] cheese - admin
[2020-01-23T20:44:20.604] [DEBUG] cheese - null
[2020-01-23T20:44:20.605] [DEBUG] cheese - null
[2020-01-25T12:07:27.757] [DEBUG] cheese - login => username:admin,password:123456
[2020-01-25T12:07:27.758] [DEBUG] cheese - admin
[2020-01-25T12:07:27.868] [DEBUG] cheese - null
[2020-01-25T12:07:27.868] [DEBUG] cheese - null
[2020-01-25T17:55:09.328] [DEBUG] cheese - login => username:admin,password:123456
[2020-01-25T17:55:09.328] [DEBUG] cheese - admin
[2020-01-25T17:55:09.330] [DEBUG] cheese - null
[2020-01-25T17:55:09.330] [DEBUG] cheese - null
[2020-01-25T17:56:06.587] [DEBUG] cheese - login => username:admi,password:123456
[2020-01-25T17:56:06.588] [DEBUG] cheese - admi
[2020-01-25T17:56:06.589] [DEBUG] cheese - null
[2020-01-25T17:56:06.589] [DEBUG] cheese - null
[2020-01-25T17:56:10.552] [DEBUG] cheese - login => username:admin,password:123456
[2020-01-25T17:56:10.552] [DEBUG] cheese - admin
[2020-01-25T17:56:10.555] [DEBUG] cheese - null
[2020-01-25T17:56:10.555] [DEBUG] cheese - null
[2020-01-25T17:56:25.692] [DEBUG] cheese - login => username:linken,password:123456
[2020-01-25T17:56:25.692] [DEBUG] cheese - linken
[2020-01-25T17:56:25.695] [DEBUG] cheese - null
[2020-01-25T17:56:25.695] [DEBUG] cheese - null
[2020-01-25T17:56:33.086] [DEBUG] cheese - login => username:admin,password:123456
[2020-01-25T17:56:33.086] [DEBUG] cheese - admin
[2020-01-25T17:56:33.089] [DEBUG] cheese - null
[2020-01-25T17:56:33.089] [DEBUG] cheese - null
[2020-01-25T18:01:11.807] [DEBUG] cheese - login => username:auth,password:123456
[2020-01-25T18:01:11.807] [DEBUG] cheese - auth
[2020-01-25T18:01:11.809] [DEBUG] cheese - null
[2020-01-25T18:01:11.809] [DEBUG] cheese - null
[2020-01-25T18:01:21.331] [DEBUG] cheese - login => username:auth,password:123456
[2020-01-25T18:01:21.331] [DEBUG] cheese - auth
[2020-01-25T18:01:21.333] [DEBUG] cheese - null
[2020-01-25T18:01:21.333] [DEBUG] cheese - null
[2020-01-25T18:01:22.594] [DEBUG] cheese - login => username:admin,password:123456
[2020-01-25T18:01:22.594] [DEBUG] cheese - admin
[2020-01-25T18:01:22.596] [DEBUG] cheese - null
[2020-01-25T18:01:22.596] [DEBUG] cheese - null
[2020-01-25T18:01:46.719] [DEBUG] cheese - login => username:auth,password:123456
[2020-01-25T18:01:46.719] [DEBUG] cheese - auth
[2020-01-25T18:01:46.720] [DEBUG] cheese - null
[2020-01-25T18:01:46.720] [DEBUG] cheese - null
[2020-01-25T18:01:49.042] [DEBUG] cheese - null
[2020-01-25T18:01:49.045] [DEBUG] cheese - null
[2020-01-25T18:01:52.237] [DEBUG] cheese - null
[2020-01-25T18:01:52.238] [DEBUG] cheese - null
[2020-01-25T18:01:53.421] [DEBUG] cheese - null
[2020-01-25T18:01:53.424] [DEBUG] cheese - null
[2020-01-25T18:01:59.201] [DEBUG] cheese - login => username:admin,password:123456
[2020-01-25T18:01:59.201] [DEBUG] cheese - admin
[2020-01-25T18:01:59.202] [DEBUG] cheese - null
[2020-01-25T18:01:59.202] [DEBUG] cheese - null
[2020-01-26T13:07:24.764] [DEBUG] cheese - login => username:admin,password:123456
[2020-01-26T13:07:24.764] [DEBUG] cheese - admin
[2020-01-26T13:07:24.767] [DEBUG] cheese - null
[2020-01-26T13:07:24.767] [DEBUG] cheese - null
[2020-01-26T16:04:29.486] [DEBUG] cheese - login => username:admin,password:123456
[2020-01-26T16:04:29.486] [DEBUG] cheese - admin
[2020-01-26T16:04:29.592] [DEBUG] cheese - null
[2020-01-26T16:04:29.592] [DEBUG] cheese - null
[2020-01-26T17:42:27.771] [DEBUG] cheese - login => username:orders,password:123456
[2020-01-26T17:42:27.772] [DEBUG] cheese - orders
[2020-01-26T17:42:27.776] [DEBUG] cheese - null
[2020-01-26T17:42:27.776] [DEBUG] cheese - null
[2020-01-26T17:42:37.026] [DEBUG] cheese - login => username:admin,password:123456
[2020-01-26T17:42:37.026] [DEBUG] cheese - admin
[2020-01-26T17:42:37.031] [DEBUG] cheese - null
[2020-01-26T17:42:37.031] [DEBUG] cheese - null
[2020-01-26T17:42:51.967] [DEBUG] cheese - login => username:good,password:123456
[2020-01-26T17:42:51.967] [DEBUG] cheese - good
[2020-01-26T17:42:51.968] [DEBUG] cheese - null
[2020-01-26T17:42:51.969] [DEBUG] cheese - null
[2020-01-26T17:42:57.198] [DEBUG] cheese - login => username:good,password:123456
[2020-01-26T17:42:57.198] [DEBUG] cheese - good
[2020-01-26T17:42:57.202] [DEBUG] cheese - null
[2020-01-26T17:42:57.202] [DEBUG] cheese - null
[2020-01-26T17:43:03.117] [DEBUG] cheese - login => username:admin,password:123456
[2020-01-26T17:43:03.117] [DEBUG] cheese - admin
[2020-01-26T17:43:03.121] [DEBUG] cheese - null
[2020-01-26T17:43:03.121] [DEBUG] cheese - null
[2020-01-26T17:59:57.263] [DEBUG] cheese - login => username:linken,password:123456
[2020-01-26T17:59:57.263] [DEBUG] cheese - linken
[2020-01-26T17:59:57.266] [DEBUG] cheese - null
[2020-01-26T17:59:57.266] [DEBUG] cheese - null
[2020-01-26T17:59:59.567] [DEBUG] cheese - null
[2020-01-26T17:59:59.571] [DEBUG] cheese - null
[2020-01-26T18:00:00.669] [DEBUG] cheese - null
[2020-01-26T18:00:00.673] [DEBUG] cheese - null
[2020-01-26T18:00:01.722] [DEBUG] cheese - null
[2020-01-26T18:00:01.725] [DEBUG] cheese - null
[2020-01-26T18:00:12.566] [DEBUG] cheese - null
[2020-01-26T18:00:12.571] [DEBUG] cheese - null
[2020-01-26T18:00:13.701] [DEBUG] cheese - null
[2020-01-26T18:00:13.705] [DEBUG] cheese - null
[2020-01-26T18:00:20.653] [DEBUG] cheese - login => username:admin,password:123456
[2020-01-26T18:00:20.653] [DEBUG] cheese - admin
[2020-01-26T18:00:20.657] [DEBUG] cheese - null
[2020-01-26T18:00:20.657] [DEBUG] cheese - null
[2020-01-26T18:01:02.169] [DEBUG] cheese - login => username:admin,password:123456
[2020-01-26T18:01:02.169] [DEBUG] cheese - admin
[2020-01-26T18:01:02.174] [DEBUG] cheese - null
[2020-01-26T18:01:02.174] [DEBUG] cheese - null
[2020-01-26T18:01:11.646] [DEBUG] cheese - login => username:orders,password:123456
[2020-01-26T18:01:11.646] [DEBUG] cheese - orders
[2020-01-26T18:01:11.650] [DEBUG] cheese - null
[2020-01-26T18:01:11.650] [DEBUG] cheese - null
[2020-01-26T18:01:12.416] [DEBUG] cheese - login => username:orders,password:123456
[2020-01-26T18:01:12.416] [DEBUG] cheese - orders
[2020-01-26T18:01:12.421] [DEBUG] cheese - null
[2020-01-26T18:01:12.421] [DEBUG] cheese - null
[2020-01-26T18:01:12.616] [DEBUG] cheese - login => username:orders,password:123456
[2020-01-26T18:01:12.617] [DEBUG] cheese - orders
[2020-01-26T18:01:12.620] [DEBUG] cheese - null
[2020-01-26T18:01:12.621] [DEBUG] cheese - null
[2020-01-26T18:01:15.327] [DEBUG] cheese - login => username:admin,password:123456
[2020-01-26T18:01:15.327] [DEBUG] cheese - admin
[2020-01-26T18:01:15.331] [DEBUG] cheese - null
[2020-01-26T18:01:15.331] [DEBUG] cheese - null
[2020-01-26T22:01:29.107] [DEBUG] cheese - login => username:admin,password:123456
[2020-01-26T22:01:29.107] [DEBUG] cheese - admin
[2020-01-26T22:01:29.113] [DEBUG] cheese - null
[2020-01-26T22:01:29.113] [DEBUG] cheese - null
[2020-01-28T09:54:49.669] [DEBUG] cheese - login => username:admin,password:123456
[2020-01-28T09:54:49.671] [DEBUG] cheese - admin
[2020-01-28T09:54:49.689] [DEBUG] cheese - null
[2020-01-28T09:54:49.690] [DEBUG] cheese - null
[2020-01-28T09:59:40.428] [DEBUG] cheese - login => username:admin,password:123456
[2020-01-28T09:59:40.428] [DEBUG] cheese - admin
[2020-01-28T09:59:40.431] [DEBUG] cheese - null
[2020-01-28T09:59:40.431] [DEBUG] cheese - null
[2020-01-28T12:56:54.555] [DEBUG] cheese - login => username:admin,password:123456
[2020-01-28T12:56:54.555] [DEBUG] cheese - admin
[2020-01-28T12:56:54.558] [DEBUG] cheese - null
[2020-01-28T12:56:54.558] [DEBUG] cheese - null
[2020-01-29T14:09:05.931] [DEBUG] cheese - login => username:admin,password:123456
[2020-01-29T14:09:05.931] [DEBUG] cheese - admin
[2020-01-29T14:09:05.987] [DEBUG] cheese - null
[2020-01-29T14:09:05.987] [DEBUG] cheese - null
[2020-01-30T13:06:03.979] [DEBUG] cheese - login => username:admin,password:123456
[2020-01-30T13:06:03.981] [DEBUG] cheese - admin
[2020-01-30T13:06:03.998] [DEBUG] cheese - null
[2020-01-30T13:06:03.999] [DEBUG] cheese - null
[2020-01-31T15:04:41.057] [DEBUG] cheese - login => username:admin,password:123456
[2020-01-31T15:04:41.059] [DEBUG] cheese - admin
[2020-01-31T15:04:41.091] [DEBUG] cheese - null
[2020-01-31T15:04:41.091] [DEBUG] cheese - null
[2020-01-31T15:16:39.226] [DEBUG] cheese - login => username:admin,password:123456
[2020-01-31T15:16:39.226] [DEBUG] cheese - admin
[2020-01-31T15:16:39.230] [DEBUG] cheese - null
[2020-01-31T15:16:39.230] [DEBUG] cheese - null
[2020-01-31T15:16:57.411] [DEBUG] cheese - login => username:admin,password:123456
[2020-01-31T15:16:57.412] [DEBUG] cheese - admin
[2020-01-31T15:16:57.416] [DEBUG] cheese - null
[2020-01-31T15:16:57.416] [DEBUG] cheese - null
[2020-01-31T16:45:49.514] [DEBUG] cheese - null
[2020-02-01T15:19:52.934] [DEBUG] cheese - login => username:admin,password:123456
[2020-02-01T15:19:52.934] [DEBUG] cheese - admin
[2020-02-01T15:19:52.943] [DEBUG] cheese - null
[2020-02-01T15:19:52.943] [DEBUG] cheese - null
[2020-02-02T10:55:43.884] [DEBUG] cheese - login => username:admin,password:123456
[2020-02-02T10:55:43.884] [DEBUG] cheese - admin
[2020-02-02T10:55:43.887] [DEBUG] cheese - null
[2020-02-02T10:55:43.887] [DEBUG] cheese - null
[2020-02-02T12:23:43.455] [DEBUG] cheese - login => username:admin,password:123456
[2020-02-02T12:23:43.458] [DEBUG] cheese - admin
[2020-02-02T12:23:43.478] [DEBUG] cheese - null
[2020-02-02T12:23:43.478] [DEBUG] cheese - null
[2020-02-02T12:25:57.106] [DEBUG] cheese - login => username:admin,password:123456
[2020-02-02T12:25:57.106] [DEBUG] cheese - admin
[2020-02-02T12:25:57.112] [DEBUG] cheese - null
[2020-02-02T12:25:57.112] [DEBUG] cheese - null
[2020-02-02T12:27:41.624] [DEBUG] cheese - login => username:admin,password:123456
[2020-02-02T12:27:41.624] [DEBUG] cheese - admin
[2020-02-02T12:27:41.630] [DEBUG] cheese - null
[2020-02-02T12:27:41.630] [DEBUG] cheese - null
[2020-02-02T12:28:10.566] [DEBUG] cheese - login => username:admin5,password:123456
[2020-02-02T12:28:10.566] [DEBUG] cheese - admin5
[2020-02-02T12:28:10.570] [DEBUG] cheese - null
[2020-02-02T12:28:10.571] [DEBUG] cheese - null
[2020-02-02T12:28:31.941] [DEBUG] cheese - login => username:admin,password:123456
[2020-02-02T12:28:31.941] [DEBUG] cheese - admin
[2020-02-02T12:28:31.946] [DEBUG] cheese - null
[2020-02-02T12:28:31.946] [DEBUG] cheese - null
[2020-02-02T12:40:46.618] [DEBUG] cheese - login => username:admin,password:123456
[2020-02-02T12:40:46.619] [DEBUG] cheese - admin
[2020-02-02T12:40:46.622] [DEBUG] cheese - null
[2020-02-02T12:40:46.622] [DEBUG] cheese - null
[2020-02-02T12:47:25.040] [DEBUG] cheese - login => username:admin,password:123456
[2020-02-02T12:47:25.040] [DEBUG] cheese - admin
[2020-02-02T12:47:25.043] [DEBUG] cheese - null
[2020-02-02T12:47:25.043] [DEBUG] cheese - null
[2020-02-02T12:59:06.747] [DEBUG] cheese - login => username:admin,password:123456
[2020-02-02T12:59:06.750] [DEBUG] cheese - admin
[2020-02-02T12:59:06.762] [DEBUG] cheese - null
[2020-02-02T12:59:06.762] [DEBUG] cheese - null
[2020-02-02T13:42:31.266] [DEBUG] cheese - login => username:admin,password:123456
[2020-02-02T13:42:31.266] [DEBUG] cheese - admin
[2020-02-02T13:42:31.272] [DEBUG] cheese - null
[2020-02-02T13:42:31.273] [DEBUG] cheese - null
[2020-02-02T13:42:52.236] [DEBUG] cheese - login => username:admin,password:123456
[2020-02-02T13:42:52.237] [DEBUG] cheese - admin
[2020-02-02T13:42:52.241] [DEBUG] cheese - null
[2020-02-02T13:42:52.241] [DEBUG] cheese - null
[2020-02-02T13:43:22.373] [DEBUG] cheese - login => username:admin,password:123456
[2020-02-02T13:43:22.373] [DEBUG] cheese - admin
[2020-02-02T13:43:22.381] [DEBUG] cheese - null
[2020-02-02T13:43:22.382] [DEBUG] cheese - null
[2020-02-02T13:57:57.669] [DEBUG] cheese - login => username:admin,password:123456
[2020-02-02T13:57:57.669] [DEBUG] cheese - admin
[2020-02-02T13:57:57.675] [DEBUG] cheese - null
[2020-02-02T13:57:57.675] [DEBUG] cheese - null
[2020-02-02T14:01:00.834] [DEBUG] cheese - login => username:admin,password:123456
[2020-02-02T14:01:00.836] [DEBUG] cheese - admin
[2020-02-02T14:01:00.875] [DEBUG] cheese - null
[2020-02-02T14:01:00.876] [DEBUG] cheese - null
[2020-02-02T14:28:33.260] [DEBUG] cheese - login => username:admin,password:123456
[2020-02-02T14:28:33.260] [DEBUG] cheese - admin
[2020-02-02T14:28:33.263] [DEBUG] cheese - null
[2020-02-02T14:28:33.263] [DEBUG] cheese - null
[2020-02-02T14:35:49.467] [DEBUG] cheese - login => username:admin,password:123456
[2020-02-02T14:35:49.467] [DEBUG] cheese - admin
[2020-02-02T14:35:49.470] [DEBUG] cheese - null
[2020-02-02T14:35:49.470] [DEBUG] cheese - null
[2020-02-02T15:29:21.354] [DEBUG] cheese - login => username:admin,password:123456
[2020-02-02T15:29:21.354] [DEBUG] cheese - admin
[2020-02-02T15:29:21.363] [DEBUG] cheese - null
[2020-02-02T15:29:21.363] [DEBUG] cheese - null
[2020-02-02T15:34:42.350] [DEBUG] cheese - login => username:admin,password:123456
[2020-02-02T15:34:42.350] [DEBUG] cheese - admin
[2020-02-02T15:34:42.352] [DEBUG] cheese - null
[2020-02-02T15:34:42.353] [DEBUG] cheese - null
[2020-02-02T16:01:32.433] [DEBUG] cheese - login => username:admin,password:123456
[2020-02-02T16:01:32.433] [DEBUG] cheese - admin
[2020-02-02T16:01:32.435] [DEBUG] cheese - null
[2020-02-02T16:01:32.435] [DEBUG] cheese - null
[2020-02-02T16:11:20.413] [DEBUG] cheese - login => username:admin,password:123456
[2020-02-02T16:11:20.413] [DEBUG] cheese - admin
[2020-02-02T16:11:20.414] [DEBUG] cheese - null
[2020-02-02T16:11:20.414] [DEBUG] cheese - null
[2020-02-05T13:54:07.684] [DEBUG] cheese - login => username:admin,password:123456
[2020-02-05T13:54:07.685] [DEBUG] cheese - admin
[2020-02-05T13:54:07.719] [DEBUG] cheese - null
[2020-02-05T13:54:07.719] [DEBUG] cheese - null
[2020-02-14T17:01:46.873] [DEBUG] cheese - login => username:admin,password:123456
[2020-02-14T17:01:46.876] [DEBUG] cheese - admin
[2020-02-14T17:01:46.900] [DEBUG] cheese - null
[2020-02-14T17:01:46.901] [DEBUG] cheese - null
[2020-02-14T17:50:21.591] [DEBUG] cheese - login => username:admin,password:123456
[2020-02-14T17:50:21.594] [DEBUG] cheese - admin
[2020-02-14T17:50:21.604] [DEBUG] cheese - null
[2020-02-14T17:50:21.604] [DEBUG] cheese - null
[2020-02-14T17:51:46.243] [DEBUG] cheese - login => username:report,password:123456
[2020-02-14T17:51:46.244] [DEBUG] cheese - report
[2020-02-14T17:51:46.247] [DEBUG] cheese - null
[2020-02-14T17:51:46.247] [DEBUG] cheese - null
[2020-02-14T17:51:51.927] [DEBUG] cheese - login => username:admin,password:123456
[2020-02-14T17:51:51.928] [DEBUG] cheese - admin
[2020-02-14T17:51:51.930] [DEBUG] cheese - null
[2020-02-14T17:51:51.930] [DEBUG] cheese - null
[2020-02-14T17:53:05.427] [DEBUG] cheese - login => username:author,password:123456
[2020-02-14T17:53:05.427] [DEBUG] cheese - author
[2020-02-14T17:53:05.429] [DEBUG] cheese - null
[2020-02-14T17:53:05.429] [DEBUG] cheese - null
[2020-02-14T17:53:07.947] [DEBUG] cheese - null
[2020-02-14T17:53:07.949] [DEBUG] cheese - null
[2020-02-14T17:53:13.294] [DEBUG] cheese - null
[2020-02-14T17:53:13.296] [DEBUG] cheese - null
[2020-02-14T17:53:14.599] [DEBUG] cheese - null
[2020-02-14T17:53:14.601] [DEBUG] cheese - null
[2020-02-14T17:53:23.043] [DEBUG] cheese - login => username:admin,password:123456
[2020-02-14T17:53:23.043] [DEBUG] cheese - admin
[2020-02-14T17:53:23.045] [DEBUG] cheese - null
[2020-02-14T17:53:23.045] [DEBUG] cheese - null
[2020-02-15T13:35:26.258] [DEBUG] cheese - login => username:admin,password:123456
[2020-02-15T13:35:26.259] [DEBUG] cheese - admin
[2020-02-15T13:35:26.261] [DEBUG] cheese - null
[2020-02-15T13:35:26.261] [DEBUG] cheese - null
[2020-02-16T12:38:14.875] [DEBUG] cheese - login => username:admin,password:123456
[2020-02-16T12:38:14.875] [DEBUG] cheese - admin
[2020-02-16T12:38:14.885] [DEBUG] cheese - null
[2020-02-16T12:38:14.885] [DEBUG] cheese - null
[2020-02-19T12:23:52.880] [DEBUG] cheese - login => username:admin,password:123456
[2020-02-19T12:23:52.880] [DEBUG] cheese - admin
[2020-02-19T12:23:52.886] [DEBUG] cheese - null
[2020-02-19T12:23:52.887] [DEBUG] cheese - null
[2020-02-19T12:26:17.173] [DEBUG] cheese - login => username:admin,password:123456
[2020-02-19T12:26:17.173] [DEBUG] cheese - admin
[2020-02-19T12:26:17.176] [DEBUG] cheese - null
[2020-02-19T12:26:17.176] [DEBUG] cheese - null
[2020-02-19T12:27:14.420] [DEBUG] cheese - login => username:admin,password:123456
[2020-02-19T12:27:14.420] [DEBUG] cheese - admin
[2020-02-19T12:27:14.422] [DEBUG] cheese - null
[2020-02-19T12:27:14.423] [DEBUG] cheese - null
[2020-02-25T03:10:46.626] [DEBUG] cheese - login => username:admin,password:123456
[2020-02-25T03:10:46.629] [DEBUG] cheese - admin
[2020-02-25T03:10:46.663] [DEBUG] cheese - null
[2020-02-25T03:10:46.663] [DEBUG] cheese - null
[2020-02-25T03:12:31.943] [DEBUG] cheese - login => username:goods,password:123456
[2020-02-25T03:12:31.943] [DEBUG] cheese - goods
[2020-02-25T03:12:31.945] [DEBUG] cheese - null
[2020-02-25T03:12:31.945] [DEBUG] cheese - null
[2020-02-25T03:12:34.412] [DEBUG] cheese - login => username:admin,password:123456
[2020-02-25T03:12:34.412] [DEBUG] cheese - admin
[2020-02-25T03:12:34.415] [DEBUG] cheese - null
[2020-02-25T03:12:34.415] [DEBUG] cheese - null
[2020-02-25T03:12:53.832] [DEBUG] cheese - login => username:good,password:123456
[2020-02-25T03:12:53.832] [DEBUG] cheese - good
[2020-02-25T03:12:53.835] [DEBUG] cheese - null
[2020-02-25T03:12:53.835] [DEBUG] cheese - null
[2020-02-25T03:13:04.899] [DEBUG] cheese - login => username:goods,password:123456
[2020-02-25T03:13:04.899] [DEBUG] cheese - goods
[2020-02-25T03:13:04.901] [DEBUG] cheese - null
[2020-02-25T03:13:04.901] [DEBUG] cheese - null
[2020-02-25T03:13:08.296] [DEBUG] cheese - null
[2020-02-25T03:13:08.298] [DEBUG] cheese - null
[2020-02-25T03:13:24.035] [DEBUG] cheese - null
[2020-02-25T03:13:24.038] [DEBUG] cheese - null
[2020-02-25T03:13:28.201] [DEBUG] cheese - null
[2020-02-25T03:13:28.203] [DEBUG] cheese - null
[2020-02-25T03:13:51.407] [DEBUG] cheese - null
[2020-02-25T03:13:51.410] [DEBUG] cheese - null
[2020-02-25T03:13:56.478] [DEBUG] cheese - null
[2020-02-25T03:13:56.480] [DEBUG] cheese - null
[2020-02-25T03:13:59.727] [DEBUG] cheese - null
[2020-02-25T03:13:59.729] [DEBUG] cheese - null
[2020-02-25T03:14:04.221] [DEBUG] cheese - null
[2020-02-25T03:14:04.224] [DEBUG] cheese - null
[2020-02-25T03:14:04.272] [DEBUG] cheese - null
[2020-02-25T03:14:04.273] [DEBUG] cheese - null
[2020-02-25T03:14:12.593] [DEBUG] cheese - login => username:goods,password:123456
[2020-02-25T03:14:12.593] [DEBUG] cheese - goods
[2020-02-25T03:14:12.596] [DEBUG] cheese - null
[2020-02-25T03:14:12.596] [DEBUG] cheese - null
[2020-02-25T03:14:15.186] [DEBUG] cheese - null
[2020-02-25T03:14:15.188] [DEBUG] cheese - null
[2020-02-25T03:14:16.064] [DEBUG] cheese - null
[2020-02-25T03:14:16.065] [DEBUG] cheese - null
[2020-02-25T03:14:17.239] [DEBUG] cheese - null
[2020-02-25T03:14:17.241] [DEBUG] cheese - null
[2020-02-25T03:14:23.251] [DEBUG] cheese - login => username:admin,password:123456
[2020-02-25T03:14:23.251] [DEBUG] cheese - admin
[2020-02-25T03:14:23.253] [DEBUG] cheese - null
[2020-02-25T03:14:23.253] [DEBUG] cheese - null
[2020-02-25T03:16:13.919] [DEBUG] cheese - login => username:goods,password:123456
[2020-02-25T03:16:13.919] [DEBUG] cheese - goods
[2020-02-25T03:16:13.920] [DEBUG] cheese - null
[2020-02-25T03:16:13.921] [DEBUG] cheese - null
[2020-02-25T03:16:17.235] [DEBUG] cheese - null
[2020-02-25T03:16:17.236] [DEBUG] cheese - null
[2020-02-25T03:16:20.234] [DEBUG] cheese - null
[2020-02-25T03:16:20.239] [DEBUG] cheese - null
[2020-02-25T03:16:21.420] [DEBUG] cheese - null
[2020-02-25T03:16:21.427] [DEBUG] cheese - null
[2020-02-25T03:16:28.501] [DEBUG] cheese - login => username:admin,password:123456
[2020-02-25T03:16:28.502] [DEBUG] cheese - admin
[2020-02-25T03:16:28.513] [DEBUG] cheese - null
[2020-02-25T03:16:28.513] [DEBUG] cheese - null
[2020-02-25T03:23:35.712] [DEBUG] cheese - login => username:admin,password:123456
[2020-02-25T03:23:35.712] [DEBUG] cheese - admin
[2020-02-25T03:23:35.715] [DEBUG] cheese - null
[2020-02-25T03:23:35.715] [DEBUG] cheese - null
[2020-02-25T03:25:38.822] [DEBUG] cheese - null
[2020-02-25T03:26:05.449] [DEBUG] cheese - login => username:linken,password:123456
[2020-02-25T03:26:05.450] [DEBUG] cheese - linken
[2020-02-25T03:26:05.451] [DEBUG] cheese - null
[2020-02-25T03:26:05.451] [DEBUG] cheese - null
[2020-02-25T03:26:07.914] [DEBUG] cheese - null
[2020-02-25T03:26:12.458] [DEBUG] cheese - null
[2020-02-25T03:26:18.375] [DEBUG] cheese - null
[2020-02-25T03:26:18.377] [DEBUG] cheese - null
[2020-02-25T03:26:21.334] [DEBUG] cheese - null
[2020-02-25T03:26:21.335] [DEBUG] cheese - null
[2020-02-25T03:26:22.151] [DEBUG] cheese - null
[2020-02-25T03:26:22.153] [DEBUG] cheese - null
[2020-02-25T03:26:22.799] [DEBUG] cheese - null
[2020-02-25T03:26:22.801] [DEBUG] cheese - null
[2020-02-25T03:26:25.970] [DEBUG] cheese - login => username:admin,password:123456
[2020-02-25T03:26:25.970] [DEBUG] cheese - admin
[2020-02-25T03:26:25.972] [DEBUG] cheese - null
[2020-02-25T03:26:25.972] [DEBUG] cheese - null
[2020-02-25T03:44:58.658] [DEBUG] cheese - login => username:admin,password:123456
[2020-02-25T03:44:58.658] [DEBUG] cheese - admin
[2020-02-25T03:44:58.660] [DEBUG] cheese - null
[2020-02-25T03:44:58.660] [DEBUG] cheese - null
[2020-02-25T09:35:09.360] [DEBUG] cheese - login => username:admin,password:123456
[2020-02-25T09:35:09.360] [DEBUG] cheese - admin
[2020-02-25T09:35:09.361] [DEBUG] cheese - null
[2020-02-25T09:35:09.361] [DEBUG] cheese - null
[2020-02-25T09:35:20.332] [DEBUG] cheese - login => username:goods,password:123456
[2020-02-25T09:35:20.333] [DEBUG] cheese - goods
[2020-02-25T09:35:20.335] [DEBUG] cheese - null
[2020-02-25T09:35:20.335] [DEBUG] cheese - null
[2020-02-25T09:35:22.817] [DEBUG] cheese - null
[2020-02-25T09:35:22.819] [DEBUG] cheese - null
[2020-02-25T09:35:23.402] [DEBUG] cheese - null
[2020-02-25T09:35:23.404] [DEBUG] cheese - null
[2020-02-25T09:35:31.430] [DEBUG] cheese - login => username:author,password:123456
[2020-02-25T09:35:31.430] [DEBUG] cheese - author
[2020-02-25T09:35:31.432] [DEBUG] cheese - null
[2020-02-25T09:35:31.432] [DEBUG] cheese - null
[2020-02-25T09:35:33.625] [DEBUG] cheese - null
[2020-02-25T09:35:33.626] [DEBUG] cheese - null
[2020-02-25T09:35:34.109] [DEBUG] cheese - null
[2020-02-25T09:35:34.110] [DEBUG] cheese - null
[2020-02-25T09:36:07.230] [DEBUG] cheese - login => username:admin,password:123456
[2020-02-25T09:36:07.230] [DEBUG] cheese - admin
[2020-02-25T09:36:07.233] [DEBUG] cheese - null
[2020-02-25T09:36:07.233] [DEBUG] cheese - null
[2020-02-25T09:36:57.448] [DEBUG] cheese - login => username:test,password:123456
[2020-02-25T09:36:57.448] [DEBUG] cheese - test
[2020-02-25T09:36:57.450] [DEBUG] cheese - null
[2020-02-25T09:36:57.451] [DEBUG] cheese - null
[2020-02-25T09:36:59.390] [DEBUG] cheese - login => username:admin,password:123456
[2020-02-25T09:36:59.390] [DEBUG] cheese - admin
[2020-02-25T09:36:59.392] [DEBUG] cheese - null
[2020-02-25T09:36:59.392] [DEBUG] cheese - null
[2020-02-25T09:37:20.461] [DEBUG] cheese - login => username:test,password:123456
[2020-02-25T09:37:20.461] [DEBUG] cheese - test
[2020-02-25T09:37:20.463] [DEBUG] cheese - null
[2020-02-25T09:37:20.463] [DEBUG] cheese - null
[2020-02-25T09:37:22.733] [DEBUG] cheese - null
[2020-02-25T09:37:22.734] [DEBUG] cheese - null
[2020-02-25T09:37:26.423] [DEBUG] cheese - login => username:admin,password:123456
[2020-02-25T09:37:26.424] [DEBUG] cheese - admin
[2020-02-25T09:37:26.425] [DEBUG] cheese - null
[2020-02-25T09:37:26.425] [DEBUG] cheese - null
[2020-02-25T09:37:34.639] [DEBUG] cheese - null
[2020-02-25T09:37:38.764] [DEBUG] cheese - null
[2020-02-25T09:37:44.419] [DEBUG] cheese - login => username:test,password:123456
[2020-02-25T09:37:44.419] [DEBUG] cheese - test
[2020-02-25T09:37:44.422] [DEBUG] cheese - null
[2020-02-25T09:37:44.422] [DEBUG] cheese - null
[2020-02-25T09:52:10.526] [DEBUG] cheese - null
[2020-02-25T09:52:10.528] [DEBUG] cheese - null
[2020-02-25T09:52:11.905] [DEBUG] cheese - null
[2020-02-25T09:52:11.906] [DEBUG] cheese - null
[2020-02-25T09:52:13.187] [DEBUG] cheese - null
[2020-02-25T09:52:13.189] [DEBUG] cheese - null
[2020-02-25T09:52:15.056] [DEBUG] cheese - null
[2020-02-25T09:52:15.057] [DEBUG] cheese - null
[2020-02-25T09:52:25.023] [DEBUG] cheese - null
[2020-02-25T09:52:25.024] [DEBUG] cheese - null
[2020-02-25T09:52:26.311] [DEBUG] cheese - null
[2020-02-25T09:52:26.312] [DEBUG] cheese - null
[2020-03-08T23:33:06.424] [DEBUG] cheese - login => username:admin,password:123456
[2020-03-08T23:33:06.428] [DEBUG] cheese - admin
[2020-03-08T23:33:06.483] [DEBUG] cheese - null
[2020-03-08T23:33:06.484] [DEBUG] cheese - null
[2020-03-08T23:33:18.033] [DEBUG] cheese - login => username:admin,password:123456
[2020-03-08T23:33:18.033] [DEBUG] cheese - admin
[2020-03-08T23:33:18.039] [DEBUG] cheese - null
[2020-03-08T23:33:18.039] [DEBUG] cheese - null
[2020-05-10T14:25:31.868] [DEBUG] cheese - login => username:admin,password:123456
[2020-05-10T14:25:31.870] [DEBUG] cheese - admin
[2020-05-10T14:25:31.873] [DEBUG] cheese - null
[2020-05-10T14:25:31.874] [DEBUG] cheese - null
[2020-05-10T15:07:35.379] [DEBUG] cheese - login => username:admin,password:123456
[2020-05-10T15:07:35.380] [DEBUG] cheese - admin
[2020-05-10T15:07:35.383] [DEBUG] cheese - null
[2020-05-10T15:07:35.384] [DEBUG] cheese - null
[2020-05-10T19:03:52.723] [DEBUG] cheese - null
[2020-05-10T20:19:05.862] [DEBUG] cheese - null
[2020-05-10T20:19:08.042] [DEBUG] cheese - null
[2020-05-10T20:19:14.916] [DEBUG] cheese - null
[2020-05-10T20:20:50.707] [DEBUG] cheese - null
[2020-05-10T20:34:35.234] [DEBUG] cheese - null
[2020-05-10T21:08:59.662] [DEBUG] cheese - null
[2020-05-10T21:09:16.626] [DEBUG] cheese - null
[2020-05-10T21:15:11.631] [DEBUG] cheese - login => username:admin,password:123456
[2020-05-10T21:15:11.631] [DEBUG] cheese - admin
[2020-05-10T21:15:11.642] [DEBUG] cheese - null
[2020-05-10T21:15:11.642] [DEBUG] cheese - null
[2020-05-10T21:15:41.909] [DEBUG] cheese - null
[2020-05-10T21:18:11.022] [DEBUG] cheese - null
[2020-05-10T21:20:39.783] [DEBUG] cheese - null
[2020-05-10T21:20:45.997] [DEBUG] cheese - null
[2020-05-10T21:20:50.276] [DEBUG] cheese - null
[2020-05-10T21:21:09.950] [DEBUG] cheese - null
[2020-05-10T21:21:39.098] [DEBUG] cheese - null
[2020-05-10T21:21:57.069] [DEBUG] cheese - null
[2020-05-10T21:22:59.172] [DEBUG] cheese - null
[2020-05-10T21:23:19.060] [DEBUG] cheese - null
[2020-05-10T21:23:22.356] [DEBUG] cheese - null
[2020-05-10T21:24:14.849] [DEBUG] cheese - null
[2020-05-11T18:50:51.339] [DEBUG] cheese - login => username:admin,password:123456
[2020-05-11T18:50:51.341] [DEBUG] cheese - admin
[2020-05-11T18:50:51.399] [DEBUG] cheese - null
[2020-05-11T18:50:51.399] [DEBUG] cheese - null
[2020-05-11T19:11:07.509] [DEBUG] cheese - login => username:admin,password:123456
[2020-05-11T19:11:07.509] [DEBUG] cheese - admin
[2020-05-11T19:11:07.512] [DEBUG] cheese - null
[2020-05-11T19:11:07.513] [DEBUG] cheese - null
[2020-05-11T19:14:58.951] [DEBUG] cheese - login => username:admin,password:123456
[2020-05-11T19:14:58.951] [DEBUG] cheese - admin
[2020-05-11T19:14:58.955] [DEBUG] cheese - null
[2020-05-11T19:14:58.955] [DEBUG] cheese - null
[2020-05-11T19:15:12.212] [DEBUG] cheese - login => username:admin,password:123456
[2020-05-11T19:15:12.212] [DEBUG] cheese - admin
[2020-05-11T19:15:12.214] [DEBUG] cheese - null
[2020-05-11T19:15:12.214] [DEBUG] cheese - null
[2020-05-11T19:17:08.497] [DEBUG] cheese - null
[2020-11-28T15:16:22.605] [DEBUG] cheese - login => username:admin,password:123456
[2020-11-28T15:16:22.607] [DEBUG] cheese - admin
[2020-11-28T15:16:22.777] [DEBUG] cheese - null
[2020-11-28T15:16:22.777] [DEBUG] cheese - null
[2020-11-28T15:17:07.539] [DEBUG] cheese - login => username:admin,password:123456
[2020-11-28T15:17:07.540] [DEBUG] cheese - admin
[2020-11-28T15:17:07.542] [DEBUG] cheese - null
[2020-11-28T15:17:07.543] [DEBUG] cheese - null
[2020-11-28T15:17:11.530] [DEBUG] cheese - login => username:admin,password:123456
[2020-11-28T15:17:11.530] [DEBUG] cheese - admin
[2020-11-28T15:17:11.533] [DEBUG] cheese - null
[2020-11-28T15:17:11.533] [DEBUG] cheese - null
[2020-11-28T15:17:17.197] [DEBUG] cheese - login => username:admin,password:123456
[2020-11-28T15:17:17.197] [DEBUG] cheese - admin
[2020-11-28T15:17:17.199] [DEBUG] cheese - null
[2020-11-28T15:17:17.199] [DEBUG] cheese - null
[2020-11-28T15:17:24.548] [DEBUG] cheese - login => username:admin,password:123451
[2020-11-28T15:17:24.548] [DEBUG] cheese - admin
[2020-11-28T15:17:24.550] [DEBUG] cheese - null
[2020-11-28T15:17:24.551] [DEBUG] cheese - null
[2020-11-28T15:17:30.932] [DEBUG] cheese - login => username:admin,password:123456
[2020-11-28T15:17:30.932] [DEBUG] cheese - admin
[2020-11-28T15:17:30.934] [DEBUG] cheese - null
[2020-11-28T15:17:30.934] [DEBUG] cheese - null
[2020-11-28T15:28:34.018] [DEBUG] cheese - login => username:admin,password:123456
[2020-11-28T15:28:34.018] [DEBUG] cheese - admin
[2020-11-28T15:28:34.022] [DEBUG] cheese - null
[2020-11-28T15:28:34.022] [DEBUG] cheese - null
[2020-11-28T15:28:36.954] [DEBUG] cheese - login => username:admin,password:123456
[2020-11-28T15:28:36.954] [DEBUG] cheese - admin
[2020-11-28T15:28:36.957] [DEBUG] cheese - null
[2020-11-28T15:28:36.957] [DEBUG] cheese - null
[2020-11-28T15:28:39.323] [DEBUG] cheese - login => username:admin,password:123456
[2020-11-28T15:28:39.323] [DEBUG] cheese - admin
[2020-11-28T15:28:39.327] [DEBUG] cheese - null
[2020-11-28T15:28:39.327] [DEBUG] cheese - null
[2020-11-28T15:29:31.267] [DEBUG] cheese - login => username:admin,password:123456
[2020-11-28T15:29:31.267] [DEBUG] cheese - admin
[2020-11-28T15:29:31.271] [DEBUG] cheese - null
[2020-11-28T15:29:31.271] [DEBUG] cheese - null
[2020-11-30T14:42:39.464] [DEBUG] cheese - login => username:admin,password:123456
[2020-11-30T14:42:39.465] [DEBUG] cheese - admin
[2020-11-30T14:42:39.538] [DEBUG] cheese - null
[2020-11-30T14:42:39.538] [DEBUG] cheese - null
[2020-11-30T14:42:43.766] [DEBUG] cheese - login => username:admin,password:123456
[2020-11-30T14:42:43.766] [DEBUG] cheese - admin
[2020-11-30T14:42:43.769] [DEBUG] cheese - null
[2020-11-30T14:42:43.769] [DEBUG] cheese - null
[2020-11-30T14:42:49.936] [DEBUG] cheese - login => username:admin,password:1234561
[2020-11-30T14:42:49.936] [DEBUG] cheese - admin
[2020-11-30T14:42:49.938] [DEBUG] cheese - null
[2020-11-30T14:42:49.938] [DEBUG] cheese - null
[2020-11-30T14:42:53.830] [DEBUG] cheese - login => username:admin,password:123456
[2020-11-30T14:42:53.830] [DEBUG] cheese - admin
[2020-11-30T14:42:53.833] [DEBUG] cheese - null
[2020-11-30T14:42:53.833] [DEBUG] cheese - null
[2020-11-30T14:52:07.074] [DEBUG] cheese - login => username:admin,password:123456
[2020-11-30T14:52:07.080] [DEBUG] cheese - admin
[2020-11-30T14:52:07.087] [DEBUG] cheese - null
[2020-11-30T14:52:07.087] [DEBUG] cheese - null
[2020-11-30T14:57:05.545] [DEBUG] cheese - login => username:admin,password:123456
[2020-11-30T14:57:05.545] [DEBUG] cheese - admin
[2020-11-30T14:57:05.547] [DEBUG] cheese - null
[2020-11-30T14:57:05.547] [DEBUG] cheese - null
[2020-11-30T14:58:31.762] [DEBUG] cheese - login => username:admin,password:123456
[2020-11-30T14:58:31.762] [DEBUG] cheese - admin
[2020-11-30T14:58:31.775] [DEBUG] cheese - null
[2020-11-30T14:58:31.775] [DEBUG] cheese - null
[2020-11-30T15:01:31.994] [DEBUG] cheese - login => username:admin,password:123456
[2020-11-30T15:01:31.995] [DEBUG] cheese - admin
[2020-11-30T15:01:31.997] [DEBUG] cheese - null
[2020-11-30T15:01:31.997] [DEBUG] cheese - null
[2020-11-30T15:02:23.599] [DEBUG] cheese - login => username:admin,password:123456
[2020-11-30T15:02:23.599] [DEBUG] cheese - admin
[2020-11-30T15:02:23.601] [DEBUG] cheese - null
[2020-11-30T15:02:23.602] [DEBUG] cheese - null
[2020-12-01T09:44:17.056] [DEBUG] cheese - login => username:admin,password:123456
[2020-12-01T09:44:17.058] [DEBUG] cheese - admin
[2020-12-01T09:44:17.349] [DEBUG] cheese - null
[2020-12-01T09:44:17.350] [DEBUG] cheese - null
[2020-12-01T09:44:19.130] [DEBUG] cheese - login => username:admin,password:123456
[2020-12-01T09:44:19.130] [DEBUG] cheese - admin
[2020-12-01T09:44:19.133] [DEBUG] cheese - null
[2020-12-01T09:44:19.133] [DEBUG] cheese - null
[2020-12-02T16:24:00.053] [DEBUG] cheese - login => username:admin,password:123456
[2020-12-02T16:24:00.055] [DEBUG] cheese - admin
[2020-12-02T16:24:00.131] [DEBUG] cheese - null
[2020-12-02T16:24:00.131] [DEBUG] cheese - null
[2020-12-02T16:28:36.025] [DEBUG] cheese - login => username:admin,password:123456
[2020-12-02T16:28:36.025] [DEBUG] cheese - admin
[2020-12-02T16:28:36.029] [DEBUG] cheese - null
[2020-12-02T16:28:36.029] [DEBUG] cheese - null
[2020-12-02T16:28:40.628] [DEBUG] cheese - login => username:admin,password:123456
[2020-12-02T16:28:40.628] [DEBUG] cheese - admin
[2020-12-02T16:28:40.631] [DEBUG] cheese - null
[2020-12-02T16:28:40.631] [DEBUG] cheese - null
[2020-12-02T16:28:44.609] [DEBUG] cheese - login => username:admin,password:123456
[2020-12-02T16:28:44.609] [DEBUG] cheese - admin
[2020-12-02T16:28:44.611] [DEBUG] cheese - null
[2020-12-02T16:28:44.612] [DEBUG] cheese - null
[2020-12-02T16:29:01.052] [DEBUG] cheese - login => username:admin,password:123456
[2020-12-02T16:29:01.052] [DEBUG] cheese - admin
[2020-12-02T16:29:01.054] [DEBUG] cheese - null
[2020-12-02T16:29:01.054] [DEBUG] cheese - null
[2020-12-02T16:29:55.608] [DEBUG] cheese - login => username:admin,password:123456
[2020-12-02T16:29:55.608] [DEBUG] cheese - admin
[2020-12-02T16:29:55.610] [DEBUG] cheese - null
[2020-12-02T16:29:55.610] [DEBUG] cheese - null
[2020-12-02T16:29:58.244] [DEBUG] cheese - login => username:admin,password:123456
[2020-12-02T16:29:58.244] [DEBUG] cheese - admin
[2020-12-02T16:29:58.246] [DEBUG] cheese - null
[2020-12-02T16:29:58.246] [DEBUG] cheese - null
[2020-12-02T16:30:13.678] [DEBUG] cheese - login => username:admin,password:123456
[2020-12-02T16:30:13.679] [DEBUG] cheese - admin
[2020-12-02T16:30:13.683] [DEBUG] cheese - null
[2020-12-02T16:30:13.683] [DEBUG] cheese - null
[2020-12-02T16:43:10.139] [DEBUG] cheese - login => username:admin,password:123456
[2020-12-02T16:43:10.140] [DEBUG] cheese - admin
[2020-12-02T16:43:10.146] [DEBUG] cheese - null
[2020-12-02T16:43:10.146] [DEBUG] cheese - null
[2020-12-03T17:14:48.549] [DEBUG] cheese - login => username:admin,password:123456
[2020-12-03T17:14:48.551] [DEBUG] cheese - admin
[2020-12-03T17:14:48.649] [DEBUG] cheese - null
[2020-12-03T17:14:48.650] [DEBUG] cheese - null
[2020-12-04T09:58:38.299] [DEBUG] cheese - login => username:admin,password:123456
[2020-12-04T09:58:38.300] [DEBUG] cheese - admin
[2020-12-04T09:58:38.387] [DEBUG] cheese - null
[2020-12-04T09:58:38.387] [DEBUG] cheese - null
[2020-12-04T10:03:10.481] [DEBUG] cheese - login => username:admin,password:123456
[2020-12-04T10:03:10.482] [DEBUG] cheese - admin
[2020-12-04T10:03:10.487] [DEBUG] cheese - null
[2020-12-04T10:03:10.487] [DEBUG] cheese - null
[2020-12-04T10:29:34.658] [DEBUG] cheese - login => username:admin,password:123456
[2020-12-04T10:29:34.658] [DEBUG] cheese - admin
[2020-12-04T10:29:34.661] [DEBUG] cheese - null
[2020-12-04T10:29:34.661] [DEBUG] cheese - null
[2020-12-04T14:01:23.470] [DEBUG] cheese - login => username:admin,password:123456
[2020-12-04T14:01:23.471] [DEBUG] cheese - admin
[2020-12-04T14:01:23.558] [DEBUG] cheese - null
[2020-12-04T14:01:23.559] [DEBUG] cheese - null
[2020-12-04T14:01:52.065] [DEBUG] cheese - login => username:admin,password:123456
[2020-12-04T14:01:52.065] [DEBUG] cheese - admin
[2020-12-04T14:01:52.067] [DEBUG] cheese - null
[2020-12-04T14:01:52.067] [DEBUG] cheese - null
[2020-12-04T14:17:47.266] [DEBUG] cheese - login => username:admin,password:123456
[2020-12-04T14:17:47.278] [DEBUG] cheese - admin
[2020-12-04T14:17:47.303] [DEBUG] cheese - null
[2020-12-04T14:17:47.304] [DEBUG] cheese - null
[2020-12-04T15:16:47.743] [DEBUG] cheese - login => username:admin,password:123456
[2020-12-04T15:16:47.744] [DEBUG] cheese - admin
[2020-12-04T15:16:47.761] [DEBUG] cheese - null
[2020-12-04T15:16:47.762] [DEBUG] cheese - null
[2020-12-04T15:26:02.223] [DEBUG] cheese - login => username:admin,password:123456
[2020-12-04T15:26:02.223] [DEBUG] cheese - admin
[2020-12-04T15:26:02.235] [DEBUG] cheese - null
[2020-12-04T15:26:02.235] [DEBUG] cheese - null
[2020-12-04T16:21:50.327] [DEBUG] cheese - login => username:admin,password:123456
[2020-12-04T16:21:50.328] [DEBUG] cheese - admin
[2020-12-04T16:21:50.342] [DEBUG] cheese - null
[2020-12-04T16:21:50.342] [DEBUG] cheese - null
[2020-12-04T16:54:46.005] [DEBUG] cheese - login => username:admin,password:123456
[2020-12-04T16:54:46.006] [DEBUG] cheese - admin
[2020-12-04T16:54:46.014] [DEBUG] cheese - null
[2020-12-04T16:54:46.015] [DEBUG] cheese - null
[2020-12-04T17:07:13.327] [DEBUG] cheese - login => username:admin,password:123456
[2020-12-04T17:07:13.327] [DEBUG] cheese - admin
[2020-12-04T17:07:13.329] [DEBUG] cheese - null
[2020-12-04T17:07:13.329] [DEBUG] cheese - null
[2020-12-07T10:37:29.520] [DEBUG] cheese - login => username:admin,password:123456
[2020-12-07T10:37:29.521] [DEBUG] cheese - admin
[2020-12-07T10:37:29.628] [DEBUG] cheese - null
[2020-12-07T10:37:29.629] [DEBUG] cheese - null
[2020-12-07T10:40:35.219] [DEBUG] cheese - login => username:admin,password:123456
[2020-12-07T10:40:35.220] [DEBUG] cheese - admin
[2020-12-07T10:40:35.222] [DEBUG] cheese - null
[2020-12-07T10:40:35.222] [DEBUG] cheese - null
[2020-12-07T10:42:19.873] [DEBUG] cheese - login => username:admin,password:123456
[2020-12-07T10:42:19.873] [DEBUG] cheese - admin
[2020-12-07T10:42:19.875] [DEBUG] cheese - null
[2020-12-07T10:42:19.875] [DEBUG] cheese - null
[2020-12-07T10:43:37.063] [DEBUG] cheese - null
[2020-12-07T10:44:46.794] [DEBUG] cheese - login => username:admin,password:123456
[2020-12-07T10:44:46.794] [DEBUG] cheese - admin
[2020-12-07T10:44:46.796] [DEBUG] cheese - null
[2020-12-07T10:44:46.796] [DEBUG] cheese - null
[2020-12-07T10:44:49.965] [DEBUG] cheese - login => username:admin,password:123456
[2020-12-07T10:44:49.966] [DEBUG] cheese - admin
[2020-12-07T10:44:49.972] [DEBUG] cheese - null
[2020-12-07T10:44:49.972] [DEBUG] cheese - null
[2020-12-07T10:47:10.013] [DEBUG] cheese - login => username:admin,password:123456
[2020-12-07T10:47:10.013] [DEBUG] cheese - admin
[2020-12-07T10:47:10.015] [DEBUG] cheese - null
[2020-12-07T10:47:10.016] [DEBUG] cheese - null
[2020-12-07T10:51:02.695] [DEBUG] cheese - login => username:admin,password:123456
[2020-12-07T10:51:02.695] [DEBUG] cheese - admin
[2020-12-07T10:51:02.698] [DEBUG] cheese - null
[2020-12-07T10:51:02.699] [DEBUG] cheese - null
[2020-12-07T10:55:41.880] [DEBUG] cheese - login => username:admin,password:123456
[2020-12-07T10:55:41.881] [DEBUG] cheese - admin
[2020-12-07T10:55:41.887] [DEBUG] cheese - null
[2020-12-07T10:55:41.887] [DEBUG] cheese - null
[2020-12-07T11:00:30.775] [DEBUG] cheese - login => username:admin,password:123456
[2020-12-07T11:00:30.775] [DEBUG] cheese - admin
[2020-12-07T11:00:30.776] [DEBUG] cheese - null
[2020-12-07T11:00:30.777] [DEBUG] cheese - null
[2020-12-07T11:18:01.075] [DEBUG] cheese - login => username:admin,password:123456
[2020-12-07T11:18:01.076] [DEBUG] cheese - admin
[2020-12-07T11:18:01.084] [DEBUG] cheese - null
[2020-12-07T11:18:01.084] [DEBUG] cheese - null
[2020-12-07T11:56:24.534] [DEBUG] cheese - null
[2020-12-07T11:59:25.635] [DEBUG] cheese - null
[2020-12-07T13:55:17.130] [DEBUG] cheese - login => username:admin,password:123456
[2020-12-07T13:55:17.131] [DEBUG] cheese - admin
[2020-12-07T13:55:17.142] [DEBUG] cheese - null
[2020-12-07T13:55:17.142] [DEBUG] cheese - null
[2020-12-07T14:02:03.010] [DEBUG] cheese - login => username:admin,password:123456
[2020-12-07T14:02:03.011] [DEBUG] cheese - admin
[2020-12-07T14:02:03.014] [DEBUG] cheese - null
[2020-12-07T14:02:03.014] [DEBUG] cheese - null
[2020-12-07T14:05:04.504] [DEBUG] cheese - null
[2020-12-07T16:23:43.167] [DEBUG] cheese - login => username:admin,password:123456
[2020-12-07T16:23:43.168] [DEBUG] cheese - admin
[2020-12-07T16:23:43.243] [DEBUG] cheese - null
[2020-12-07T16:23:43.244] [DEBUG] cheese - null
[2020-12-07T16:27:00.383] [DEBUG] cheese - login => username:admin,password:123456
[2020-12-07T16:27:00.384] [DEBUG] cheese - admin
[2020-12-07T16:27:00.390] [DEBUG] cheese - null
[2020-12-07T16:27:00.390] [DEBUG] cheese - null
[2020-12-07T16:38:03.070] [DEBUG] cheese - login => username:admin,password:123456
[2020-12-07T16:38:03.071] [DEBUG] cheese - admin
[2020-12-07T16:38:03.083] [DEBUG] cheese - null
[2020-12-07T16:38:03.084] [DEBUG] cheese - null
[2020-12-07T17:01:40.930] [DEBUG] cheese - login => username:admin,password:123456
[2020-12-07T17:01:40.931] [DEBUG] cheese - admin
[2020-12-07T17:01:40.948] [DEBUG] cheese - null
[2020-12-07T17:01:40.948] [DEBUG] cheese - null
[2020-12-08T10:10:11.727] [DEBUG] cheese - login => username:admin,password:123456
[2020-12-08T10:10:11.729] [DEBUG] cheese - admin
[2020-12-08T10:10:11.816] [DEBUG] cheese - null
[2020-12-08T10:10:11.816] [DEBUG] cheese - null
[2020-12-08T10:20:10.791] [DEBUG] cheese - login => username:admin,password:123456
[2020-12-08T10:20:10.793] [DEBUG] cheese - admin
[2020-12-08T10:20:10.814] [DEBUG] cheese - null
[2020-12-08T10:20:10.815] [DEBUG] cheese - null
[2020-12-08T10:20:44.646] [DEBUG] cheese - null
[2020-12-12T11:19:59.775] [DEBUG] cheese - login => username:admin,password:123456
[2020-12-12T11:19:59.777] [DEBUG] cheese - admin
[2020-12-12T11:19:59.887] [DEBUG] cheese - null
[2020-12-12T11:19:59.888] [DEBUG] cheese - null
[2020-12-12T11:20:04.145] [DEBUG] cheese - login => username:admin,password:123456
[2020-12-12T11:20:04.145] [DEBUG] cheese - admin
[2020-12-12T11:20:04.147] [DEBUG] cheese - null
[2020-12-12T11:20:04.147] [DEBUG] cheese - null
[2020-12-13T19:19:02.317] [DEBUG] cheese - login => username:admin,password:123456
[2020-12-13T19:19:02.320] [DEBUG] cheese - admin
[2020-12-13T19:19:02.439] [DEBUG] cheese - null
[2020-12-13T19:19:02.440] [DEBUG] cheese - null
[2020-12-13T19:26:02.580] [DEBUG] cheese - login => username:admin,password:123456
[2020-12-13T19:26:02.583] [DEBUG] cheese - admin
[2020-12-13T19:26:02.589] [DEBUG] cheese - null
[2020-12-13T19:26:02.590] [DEBUG] cheese - null
[2020-12-13T19:38:35.163] [DEBUG] cheese - login => username:admin,password:123456
[2020-12-13T19:38:35.166] [DEBUG] cheese - admin
[2020-12-13T19:38:35.171] [DEBUG] cheese - null
[2020-12-13T19:38:35.172] [DEBUG] cheese - null
[2020-12-13T19:44:45.537] [DEBUG] cheese - null
[2020-12-13T19:44:53.155] [DEBUG] cheese - null
[2020-12-13T19:45:01.546] [DEBUG] cheese - null
[2020-12-13T19:48:36.141] [DEBUG] cheese - null
[2020-12-13T19:49:06.906] [DEBUG] cheese - null
[2020-12-13T19:49:10.599] [DEBUG] cheese - null
[2020-12-13T19:49:31.123] [DEBUG] cheese - null
[2020-12-13T19:50:37.931] [DEBUG] cheese - null
[2020-12-13T19:54:26.102] [DEBUG] cheese - null
[2020-12-13T19:54:39.937] [DEBUG] cheese - null
[2020-12-13T19:54:51.489] [DEBUG] cheese - null
[2020-12-13T19:56:08.843] [DEBUG] cheese - null
[2020-12-14T09:38:45.592] [DEBUG] cheese - login => username:admin,password:123456
[2020-12-14T09:38:45.595] [DEBUG] cheese - admin
[2020-12-14T09:38:45.631] [DEBUG] cheese - null
[2020-12-14T09:38:45.632] [DEBUG] cheese - null
[2020-12-14T10:01:32.629] [DEBUG] cheese - login => username:admin,password:123456
[2020-12-14T10:01:32.630] [DEBUG] cheese - admin
[2020-12-14T10:01:32.650] [DEBUG] cheese - null
[2020-12-14T10:01:32.650] [DEBUG] cheese - null
[2020-12-14T10:10:26.163] [DEBUG] cheese - login => username:admin,password:123456
[2020-12-14T10:10:26.165] [DEBUG] cheese - admin
[2020-12-14T10:10:26.167] [DEBUG] cheese - null
[2020-12-14T10:10:26.168] [DEBUG] cheese - null
[2020-12-14T10:54:19.577] [DEBUG] cheese - login => username:admin,password:123456
[2020-12-14T10:54:19.578] [DEBUG] cheese - admin
[2020-12-14T10:54:19.581] [DEBUG] cheese - null
[2020-12-14T10:54:19.582] [DEBUG] cheese - null
[2020-12-14T10:58:22.255] [DEBUG] cheese - login => username:admin,password:123456
[2020-12-14T10:58:22.256] [DEBUG] cheese - admin
[2020-12-14T10:58:22.272] [DEBUG] cheese - null
[2020-12-14T10:58:22.272] [DEBUG] cheese - null
[2020-12-14T11:03:43.755] [DEBUG] cheese - login => username:admin,password:123456
[2020-12-14T11:03:43.756] [DEBUG] cheese - admin
[2020-12-14T11:03:43.772] [DEBUG] cheese - null
[2020-12-14T11:03:43.773] [DEBUG] cheese - null
[2020-12-14T11:18:44.956] [DEBUG] cheese - login => username:admin,password:123456
[2020-12-14T11:18:44.958] [DEBUG] cheese - admin
[2020-12-14T11:18:44.962] [DEBUG] cheese - null
[2020-12-14T11:18:44.962] [DEBUG] cheese - null
[2020-12-14T11:27:11.777] [DEBUG] cheese - login => username:admin,password:123456
[2020-12-14T11:27:11.778] [DEBUG] cheese - admin
[2020-12-14T11:27:11.780] [DEBUG] cheese - null
[2020-12-14T11:27:11.780] [DEBUG] cheese - null
[2020-12-14T11:31:24.063] [DEBUG] cheese - login => username:admin,password:123456
[2020-12-14T11:31:24.063] [DEBUG] cheese - admin
[2020-12-14T11:31:24.065] [DEBUG] cheese - null
[2020-12-14T11:31:24.065] [DEBUG] cheese - null
[2020-12-14T11:39:24.098] [DEBUG] cheese - login => username:admin,password:123456
[2020-12-14T11:39:24.098] [DEBUG] cheese - admin
[2020-12-14T11:39:24.106] [DEBUG] cheese - null
[2020-12-14T11:39:24.106] [DEBUG] cheese - null
[2020-12-14T11:40:31.715] [DEBUG] cheese - login => username:admin,password:123456
[2020-12-14T11:40:31.716] [DEBUG] cheese - admin
[2020-12-14T11:40:31.720] [DEBUG] cheese - null
[2020-12-14T11:40:31.720] [DEBUG] cheese - null
[2020-12-16T10:51:33.224] [DEBUG] cheese - login => username:admin,password:123456
[2020-12-16T10:51:33.225] [DEBUG] cheese - admin
[2020-12-16T10:51:33.289] [DEBUG] cheese - null
[2020-12-16T10:51:33.289] [DEBUG] cheese - null
[2020-12-16T11:05:02.943] [DEBUG] cheese - login => username:admin,password:123456
[2020-12-16T11:05:02.944] [DEBUG] cheese - admin
[2020-12-16T11:05:02.958] [DEBUG] cheese - null
[2020-12-16T11:05:02.959] [DEBUG] cheese - null
[2020-12-16T11:12:41.102] [DEBUG] cheese - login => username:admin,password:123456
[2020-12-16T11:12:41.104] [DEBUG] cheese - admin
[2020-12-16T11:12:41.106] [DEBUG] cheese - null
[2020-12-16T11:12:41.106] [DEBUG] cheese - null
[2020-12-16T16:59:31.153] [DEBUG] cheese - login => username:admin,password:123456
[2020-12-16T16:59:31.155] [DEBUG] cheese - admin
[2020-12-16T16:59:31.231] [DEBUG] cheese - null
[2020-12-16T16:59:31.231] [DEBUG] cheese - null
[2020-12-16T17:02:51.027] [DEBUG] cheese - login => username:admin,password:123456
[2020-12-16T17:02:51.027] [DEBUG] cheese - admin
[2020-12-16T17:02:51.030] [DEBUG] cheese - null
[2020-12-16T17:02:51.030] [DEBUG] cheese - null
[2020-12-16T17:04:25.357] [DEBUG] cheese - login => username:admin,password:123456
[2020-12-16T17:04:25.357] [DEBUG] cheese - admin
[2020-12-16T17:04:25.362] [DEBUG] cheese - null
[2020-12-16T17:04:25.362] [DEBUG] cheese - null
[2020-12-16T17:06:35.374] [DEBUG] cheese - login => username:admin,password:123456
[2020-12-16T17:06:35.375] [DEBUG] cheese - admin
[2020-12-16T17:06:35.377] [DEBUG] cheese - null
[2020-12-16T17:06:35.377] [DEBUG] cheese - null
[2020-12-16T17:09:07.525] [DEBUG] cheese - login => username:admin,password:123456
[2020-12-16T17:09:07.525] [DEBUG] cheese - admin
[2020-12-16T17:09:07.530] [DEBUG] cheese - null
[2020-12-16T17:09:07.530] [DEBUG] cheese - null
[2020-12-16T17:09:12.240] [DEBUG] cheese - login => username:admin,password:123456
[2020-12-16T17:09:12.240] [DEBUG] cheese - admin
[2020-12-16T17:09:12.244] [DEBUG] cheese - null
[2020-12-16T17:09:12.244] [DEBUG] cheese - null
[2020-12-16T17:09:34.021] [DEBUG] cheese - login => username:admin,password:123456
[2020-12-16T17:09:34.021] [DEBUG] cheese - admin
[2020-12-16T17:09:34.024] [DEBUG] cheese - null
[2020-12-16T17:09:34.024] [DEBUG] cheese - null
[2020-12-16T17:11:54.022] [DEBUG] cheese - login => username:admin,password:123456
[2020-12-16T17:11:54.023] [DEBUG] cheese - admin
[2020-12-16T17:11:54.027] [DEBUG] cheese - null
[2020-12-16T17:11:54.027] [DEBUG] cheese - null
[2020-12-16T17:12:51.809] [DEBUG] cheese - login => username:admin,password:123456
[2020-12-16T17:12:51.809] [DEBUG] cheese - admin
[2020-12-16T17:12:51.813] [DEBUG] cheese - null
[2020-12-16T17:12:51.814] [DEBUG] cheese - null
[2020-12-16T17:15:44.954] [DEBUG] cheese - login => username:admin,password:123456
[2020-12-16T17:15:44.954] [DEBUG] cheese - admin
[2020-12-16T17:15:44.957] [DEBUG] cheese - null
[2020-12-16T17:15:44.957] [DEBUG] cheese - null
[2020-12-16T17:25:46.510] [DEBUG] cheese - login => username:admin,password:123456
[2020-12-16T17:25:46.511] [DEBUG] cheese - admin
[2020-12-16T17:25:46.522] [DEBUG] cheese - null
[2020-12-16T17:25:46.522] [DEBUG] cheese - null
[2020-12-16T17:26:18.821] [DEBUG] cheese - login => username:admin,password:123456
[2020-12-16T17:26:18.821] [DEBUG] cheese - admin
[2020-12-16T17:26:18.823] [DEBUG] cheese - null
[2020-12-16T17:26:18.824] [DEBUG] cheese - null
[2020-12-16T17:31:28.721] [DEBUG] cheese - login => username:admin,password:123456
[2020-12-16T17:31:28.722] [DEBUG] cheese - admin
[2020-12-16T17:31:28.726] [DEBUG] cheese - null
[2020-12-16T17:31:28.726] [DEBUG] cheese - null
[2020-12-16T17:31:29.759] [DEBUG] cheese - login => username:admin,password:123456
[2020-12-16T17:31:29.759] [DEBUG] cheese - admin
[2020-12-16T17:31:29.760] [DEBUG] cheese - null
[2020-12-16T17:31:29.760] [DEBUG] cheese - null
[2020-12-16T17:32:54.322] [DEBUG] cheese - login => username:admin,password:123456
[2020-12-16T17:32:54.323] [DEBUG] cheese - admin
[2020-12-16T17:32:54.325] [DEBUG] cheese - null
[2020-12-16T17:32:54.325] [DEBUG] cheese - null
[2020-12-16T17:33:24.155] [DEBUG] cheese - login => username:admin,password:123456
[2020-12-16T17:33:24.156] [DEBUG] cheese - admin
[2020-12-16T17:33:24.157] [DEBUG] cheese - null
[2020-12-16T17:33:24.157] [DEBUG] cheese - null
[2020-12-16T17:33:27.737] [DEBUG] cheese - login => username:admin,password:123456
[2020-12-16T17:33:27.737] [DEBUG] cheese - admin
[2020-12-16T17:33:27.739] [DEBUG] cheese - null
[2020-12-16T17:33:27.739] [DEBUG] cheese - null
[2020-12-17T09:38:59.895] [DEBUG] cheese - login => username:admin,password:123456
[2020-12-17T09:38:59.896] [DEBUG] cheese - admin
[2020-12-17T09:38:59.937] [DEBUG] cheese - null
[2020-12-17T09:38:59.937] [DEBUG] cheese - null
[2020-12-17T11:04:47.951] [DEBUG] cheese - login => username:admin,password:123456
[2020-12-17T11:04:47.952] [DEBUG] cheese - admin
[2020-12-17T11:04:48.042] [DEBUG] cheese - null
[2020-12-17T11:04:48.042] [DEBUG] cheese - null
[2020-12-17T11:17:38.632] [DEBUG] cheese - login => username:admin,password:123456
[2020-12-17T11:17:38.632] [DEBUG] cheese - admin
[2020-12-17T11:17:38.634] [DEBUG] cheese - null
[2020-12-17T11:17:38.635] [DEBUG] cheese - null
[2020-12-17T11:45:12.441] [DEBUG] cheese - login => username:admin,password:123456
[2020-12-17T11:45:12.441] [DEBUG] cheese - admin
[2020-12-17T11:45:12.446] [DEBUG] cheese - null
[2020-12-17T11:45:12.446] [DEBUG] cheese - null
[2020-12-17T11:45:25.451] [DEBUG] cheese - login => username:admin,password:123456
[2020-12-17T11:45:25.451] [DEBUG] cheese - admin
[2020-12-17T11:45:25.453] [DEBUG] cheese - null
[2020-12-17T11:45:25.454] [DEBUG] cheese - null
[2020-12-17T11:45:30.472] [DEBUG] cheese - login => username:admin,password:123456
[2020-12-17T11:45:30.473] [DEBUG] cheese - admin
[2020-12-17T11:45:30.474] [DEBUG] cheese - null
[2020-12-17T11:45:30.474] [DEBUG] cheese - null
[2020-12-17T11:45:35.514] [DEBUG] cheese - login => username:admin,password:123456
[2020-12-17T11:45:35.514] [DEBUG] cheese - admin
[2020-12-17T11:45:35.517] [DEBUG] cheese - null
[2020-12-17T11:45:35.517] [DEBUG] cheese - null
[2020-12-21T10:07:23.622] [DEBUG] cheese - login => username:admin,password:123456
[2020-12-21T10:07:23.624] [DEBUG] cheese - admin
[2020-12-21T10:07:23.733] [DEBUG] cheese - null
[2020-12-21T10:07:23.734] [DEBUG] cheese - null
[2020-12-21T11:34:26.218] [DEBUG] cheese - login => username:admin,password:123456
[2020-12-21T11:34:26.220] [DEBUG] cheese - admin
[2020-12-21T11:34:26.240] [DEBUG] cheese - null
[2020-12-21T11:34:26.241] [DEBUG] cheese - null
[2020-12-22T09:59:58.339] [DEBUG] cheese - login => username:admin,password:123456
[2020-12-22T09:59:58.341] [DEBUG] cheese - admin
[2020-12-22T09:59:58.441] [DEBUG] cheese - null
[2020-12-22T09:59:58.442] [DEBUG] cheese - null
[2020-12-22T10:55:47.164] [DEBUG] cheese - login => username:admin,password:123456
[2020-12-22T10:55:47.167] [DEBUG] cheese - admin
[2020-12-22T10:55:47.187] [DEBUG] cheese - null
[2020-12-22T10:55:47.187] [DEBUG] cheese - null
[2020-12-22T10:56:46.230] [DEBUG] cheese - null
[2020-12-22T10:58:13.841] [DEBUG] cheese - null
[2020-12-22T10:58:27.210] [DEBUG] cheese - null
[2020-12-22T10:58:28.374] [DEBUG] cheese - null
[2020-12-22T10:58:34.819] [DEBUG] cheese - null
[2020-12-22T10:58:38.687] [DEBUG] cheese - null
[2020-12-22T10:58:42.023] [DEBUG] cheese - null
[2020-12-22T10:59:05.256] [DEBUG] cheese - null
[2020-12-22T11:00:07.249] [DEBUG] cheese - null
[2020-12-22T11:00:40.785] [DEBUG] cheese - null
[2020-12-22T11:01:01.518] [DEBUG] cheese - null
[2020-12-22T11:01:15.487] [DEBUG] cheese - null
[2020-12-22T11:01:18.007] [DEBUG] cheese - null
[2020-12-22T11:01:19.907] [DEBUG] cheese - null
[2020-12-22T11:01:21.387] [DEBUG] cheese - null
[2020-12-22T11:01:27.349] [DEBUG] cheese - null
[2020-12-22T11:01:37.996] [DEBUG] cheese - null
[2020-12-22T11:02:16.281] [DEBUG] cheese - null
[2020-12-22T11:02:18.746] [DEBUG] cheese - null
[2020-12-22T11:02:20.597] [DEBUG] cheese - null
[2020-12-22T11:02:22.687] [DEBUG] cheese - null
[2020-12-22T11:02:24.060] [DEBUG] cheese - null
[2020-12-22T11:02:28.829] [DEBUG] cheese - null
[2020-12-22T11:03:53.777] [DEBUG] cheese - null
[2020-12-22T11:04:57.575] [DEBUG] cheese - null
